<?xml version="1.0" encoding="UTF-8"?>
<robot generator="Rebot 4.1 (Python 3.9.1 on win32)" generated="20210907 18:20:16.980" rpa="false" schemaversion="2">
<suite id="s1" name="Suites">
<suite id="s1-s1" name="Flipkart" source="C:\Users\JyothiPrasad\PycharmProjects\Practice\TestSuite\flipkart.robot">
<test id="s1-s1-t1" name="TC_1">
<kw name="Set Selenium Speed" library="SeleniumLibrary">
<arg>3</arg>
<doc>Sets the delay that is waited after each Selenium command.</doc>
<status status="PASS" starttime="20210907 18:17:15.856" endtime="20210907 18:17:15.857"/>
</kw>
<kw name="browseropen" library="flipkart">
<kw name="Open Browser" library="SeleniumLibrary">
<arg>${url}</arg>
<arg>${Browsername}</arg>
<doc>Opens a new browser instance to the optional ``url``.</doc>
<msg timestamp="20210907 18:17:15.859" level="INFO">Opening browser 'chrome' to base url 'https://flipkart.com'.</msg>
<status status="PASS" starttime="20210907 18:17:15.858" endtime="20210907 18:17:40.972"/>
</kw>
<status status="PASS" starttime="20210907 18:17:15.857" endtime="20210907 18:17:40.972"/>
</kw>
<kw name="login" library="flipkart">
<kw name="Input Text" library="SeleniumLibrary">
<arg>${loginemail}</arg>
<arg>abc@gmail.com</arg>
<doc>Types the given ``text`` into the text field identified by ``locator``.</doc>
<msg timestamp="20210907 18:17:40.974" level="INFO">Typing text 'abc@gmail.com' into text field 'xpath://input[@class='_2IX_2- VJZDxU']'.</msg>
<status status="PASS" starttime="20210907 18:17:40.973" endtime="20210907 18:17:50.185"/>
</kw>
<kw name="Input Text" library="SeleniumLibrary">
<arg>${loginpassword}</arg>
<arg>ygag</arg>
<doc>Types the given ``text`` into the text field identified by ``locator``.</doc>
<msg timestamp="20210907 18:17:50.187" level="INFO">Typing text 'ygag' into text field '//input[@class='_2IX_2- _3mctLh VJZDxU']'.</msg>
<status status="PASS" starttime="20210907 18:17:50.186" endtime="20210907 18:17:59.332"/>
</kw>
<kw name="Click Button" library="SeleniumLibrary">
<arg>${xmark}</arg>
<doc>Clicks the button identified by ``locator``.</doc>
<msg timestamp="20210907 18:17:59.333" level="INFO">Clicking button 'xpath://button[@class='_2KpZ6l _2doB4z']'.</msg>
<status status="PASS" starttime="20210907 18:17:59.332" endtime="20210907 18:18:14.486"/>
</kw>
<status status="PASS" starttime="20210907 18:17:40.973" endtime="20210907 18:18:14.486"/>
</kw>
<kw name="Searchforproduct" library="flipkart">
<kw name="Input Text" library="SeleniumLibrary">
<arg>${searchbox}</arg>
<arg>Macbook</arg>
<doc>Types the given ``text`` into the text field identified by ``locator``.</doc>
<msg timestamp="20210907 18:18:14.487" level="INFO">Typing text 'Macbook' into text field 'xpath://input[@title='Search for products, brands and more']'.</msg>
<status status="PASS" starttime="20210907 18:18:14.487" endtime="20210907 18:18:23.641"/>
</kw>
<kw name="Sleep" library="BuiltIn">
<arg>5</arg>
<doc>Pauses the test executed for the given time.</doc>
<msg timestamp="20210907 18:18:28.652" level="INFO">Slept 5 seconds</msg>
<status status="PASS" starttime="20210907 18:18:23.642" endtime="20210907 18:18:28.652"/>
</kw>
<kw name="Press Keys" library="SeleniumLibrary">
<arg>${searchbox}</arg>
<arg>ALT+ARROW_DOWN</arg>
<doc>Simulates the user pressing key(s) to an element or on the active browser.</doc>
<msg timestamp="20210907 18:18:28.653" level="INFO">Sending key(s) ('ALT+ARROW_DOWN',) to xpath://input[@title='Search for products, brands and more'] element.</msg>
<msg timestamp="20210907 18:18:37.695" level="INFO">Pressing special key ALT down.</msg>
<msg timestamp="20210907 18:18:37.695" level="INFO">Pressing special key ARROW_DOWN down.</msg>
<msg timestamp="20210907 18:18:37.695" level="INFO">Releasing special key ALT.</msg>
<msg timestamp="20210907 18:18:37.695" level="INFO">Releasing special key ARROW_DOWN.</msg>
<status status="PASS" starttime="20210907 18:18:28.652" endtime="20210907 18:18:49.761"/>
</kw>
<kw name="Click Button" library="SeleniumLibrary">
<arg>${searchbutton}</arg>
<doc>Clicks the button identified by ``locator``.</doc>
<msg timestamp="20210907 18:18:49.762" level="INFO">Clicking button 'xpath://button[@type='submit']'.</msg>
<status status="PASS" starttime="20210907 18:18:49.761" endtime="20210907 18:19:04.903"/>
</kw>
<status status="PASS" starttime="20210907 18:18:14.486" endtime="20210907 18:19:04.903"/>
</kw>
<kw name="Selectproduct" library="flipkart">
<kw name="Click Element" library="SeleniumLibrary">
<arg>${product}</arg>
<doc>Click the element identified by ``locator``.</doc>
<msg timestamp="20210907 18:19:04.904" level="INFO">Clicking element 'xpath:/html/body/div[1]/div/div[3]/div[1]/div[2]/div[2]/div/div/div/a/div[2]/div[1]/div[1]'.</msg>
<status status="PASS" starttime="20210907 18:19:04.904" endtime="20210907 18:19:11.017"/>
</kw>
<kw name="Get Window Handles" library="SeleniumLibrary">
<var>${window}</var>
<doc>Returns all child window handles of the selected browser as a list.</doc>
<msg timestamp="20210907 18:19:14.025" level="INFO">${window} = ['CDwindow-076842E37B7E30A0A48D432A4A4DA312', 'CDwindow-8E69D01D243C3FDAFD39777849BA4BDF']</msg>
<status status="PASS" starttime="20210907 18:19:11.017" endtime="20210907 18:19:14.025"/>
</kw>
<kw name="Switch Window" library="SeleniumLibrary">
<arg>${window}[1]</arg>
<doc>Switches to browser window matching ``locator``.</doc>
<status status="PASS" starttime="20210907 18:19:14.025" endtime="20210907 18:19:41.147"/>
</kw>
<kw name="Sleep" library="BuiltIn">
<arg>5</arg>
<doc>Pauses the test executed for the given time.</doc>
<msg timestamp="20210907 18:19:46.153" level="INFO">Slept 5 seconds</msg>
<status status="PASS" starttime="20210907 18:19:41.147" endtime="20210907 18:19:46.153"/>
</kw>
<kw name="Input Text" library="SeleniumLibrary">
<arg>${pincode}</arg>
<arg>517001</arg>
<doc>Types the given ``text`` into the text field identified by ``locator``.</doc>
<msg timestamp="20210907 18:19:46.154" level="INFO">Typing text '517001' into text field 'xpath://input[@placeholder='Enter Delivery Pincode']'.</msg>
<status status="PASS" starttime="20210907 18:19:46.153" endtime="20210907 18:19:59.338"/>
</kw>
<kw name="Click Element" library="SeleniumLibrary">
<arg>${pincodecheck}</arg>
<doc>Click the element identified by ``locator``.</doc>
<msg timestamp="20210907 18:19:59.339" level="INFO">Clicking element 'xpath://span[text()='Check']'.</msg>
<status status="PASS" starttime="20210907 18:19:59.338" endtime="20210907 18:20:05.425"/>
</kw>
<kw name="Click Element" library="SeleniumLibrary">
<arg>${buynow}</arg>
<doc>Click the element identified by ``locator``.</doc>
<msg timestamp="20210907 18:20:05.426" level="INFO">Clicking element 'xpath://li[@class='col col-6-12'][2]'.</msg>
<status status="PASS" starttime="20210907 18:20:05.425" endtime="20210907 18:20:11.516"/>
</kw>
<status status="PASS" starttime="20210907 18:19:04.903" endtime="20210907 18:20:11.516"/>
</kw>
<status status="PASS" starttime="20210907 18:17:15.855" endtime="20210907 18:20:11.517"/>
</test>
<kw name="Close Browser" library="SeleniumLibrary" type="TEARDOWN">
<doc>Closes the current browser.</doc>
<status status="PASS" starttime="20210907 18:20:11.519" endtime="20210907 18:20:16.577"/>
</kw>
<doc>Flipkart</doc>
<status status="PASS" starttime="20210907 18:17:15.391" endtime="20210907 18:20:16.577"/>
</suite>
<suite id="s1-s2" name="TC1" source="C:\Users\JyothiPrasad\PycharmProjects\Practice\TestSuite\TC1.robot">
<test id="s1-s2-t1" name="TC_1">
<kw name="Set Selenium Speed" library="SeleniumLibrary">
<arg>2</arg>
<doc>Sets the delay that is waited after each Selenium command.</doc>
<status status="PASS" starttime="20210907 18:17:15.752" endtime="20210907 18:17:15.753"/>
</kw>
<kw name="browseropen" library="base">
<kw name="Open Browser" library="SeleniumLibrary">
<arg>${url}</arg>
<arg>${Browsername}</arg>
<doc>Opens a new browser instance to the optional ``url``.</doc>
<msg timestamp="20210907 18:17:15.755" level="INFO">Opening browser 'chrome' to base url 'https://phptravels.com/demo'.</msg>
<status status="PASS" starttime="20210907 18:17:15.754" endtime="20210907 18:17:26.154"/>
</kw>
<status status="PASS" starttime="20210907 18:17:15.753" endtime="20210907 18:17:26.155"/>
</kw>
<kw name="Loginwithoutcollection" library="base">
<kw name="Set Selenium Speed" library="SeleniumLibrary">
<arg>2</arg>
<doc>Sets the delay that is waited after each Selenium command.</doc>
<status status="PASS" starttime="20210907 18:17:26.156" endtime="20210907 18:17:26.157"/>
</kw>
<kw name="Click Element" library="SeleniumLibrary">
<arg>${loign}</arg>
<doc>Click the element identified by ``locator``.</doc>
<msg timestamp="20210907 18:17:26.158" level="INFO">Clicking element 'xpath://a[@class='lvl-0 sign-in btn btn-md btn-white-outline']'.</msg>
<status status="PASS" starttime="20210907 18:17:26.157" endtime="20210907 18:17:30.255"/>
</kw>
<kw name="Log To Console" library="BuiltIn">
<arg>step56</arg>
<doc>Logs the given message to the console.</doc>
<status status="PASS" starttime="20210907 18:17:30.255" endtime="20210907 18:17:30.256"/>
</kw>
<kw name="Sleep" library="BuiltIn">
<arg>5</arg>
<doc>Pauses the test executed for the given time.</doc>
<msg timestamp="20210907 18:17:35.271" level="INFO">Slept 5 seconds</msg>
<status status="PASS" starttime="20210907 18:17:30.256" endtime="20210907 18:17:35.271"/>
</kw>
<kw name="Get Window Handles" library="SeleniumLibrary">
<var>${window}</var>
<doc>Returns all child window handles of the selected browser as a list.</doc>
<msg timestamp="20210907 18:17:37.285" level="INFO">${window} = ['CDwindow-D7609DB4FC5F869D622B47129A3725FB', 'CDwindow-CEAECEAFD383C5C9AC8A5B7B2FEBB37F']</msg>
<status status="PASS" starttime="20210907 18:17:35.272" endtime="20210907 18:17:37.285"/>
</kw>
<kw name="Switch Window" library="SeleniumLibrary">
<arg>${window}[1]</arg>
<doc>Switches to browser window matching ``locator``.</doc>
<status status="PASS" starttime="20210907 18:17:37.286" endtime="20210907 18:17:55.461"/>
</kw>
<kw name="Log To Console" library="BuiltIn">
<arg>step59</arg>
<doc>Logs the given message to the console.</doc>
<status status="PASS" starttime="20210907 18:17:55.462" endtime="20210907 18:17:55.463"/>
</kw>
<kw name="Click Element" library="SeleniumLibrary">
<arg>${account}</arg>
<doc>Click the element identified by ``locator``.</doc>
<msg timestamp="20210907 18:17:55.464" level="INFO">Clicking element 'xpath://*[@id='Secondary_Navbar-Account']/a'.</msg>
<status status="PASS" starttime="20210907 18:17:55.463" endtime="20210907 18:18:03.646"/>
</kw>
<kw name="Log To Console" library="BuiltIn">
<arg>step61</arg>
<doc>Logs the given message to the console.</doc>
<status status="PASS" starttime="20210907 18:18:03.647" endtime="20210907 18:18:03.647"/>
</kw>
<kw name="Click Element" library="SeleniumLibrary">
<arg>${registernewuser}</arg>
<doc>Click the element identified by ``locator``.</doc>
<msg timestamp="20210907 18:18:03.648" level="INFO">Clicking element 'xpath://li[@menuitemname='Account']//ul//li[2]'.</msg>
<status status="PASS" starttime="20210907 18:18:03.648" endtime="20210907 18:18:10.209"/>
</kw>
<kw name="Log To Console" library="BuiltIn">
<arg>step63</arg>
<doc>Logs the given message to the console.</doc>
<status status="PASS" starttime="20210907 18:18:10.209" endtime="20210907 18:18:10.210"/>
</kw>
<kw name="Input Text" library="SeleniumLibrary">
<arg>${firstname}</arg>
<arg>jp</arg>
<doc>Types the given ``text`` into the text field identified by ``locator``.</doc>
<msg timestamp="20210907 18:18:10.210" level="INFO">Typing text 'jp' into text field 'xpath://input[@name='firstname']'.</msg>
<status status="PASS" starttime="20210907 18:18:10.210" endtime="20210907 18:18:16.294"/>
</kw>
<kw name="Click Element" library="SeleniumLibrary">
<arg>${register}</arg>
<doc>Click the element identified by ``locator``.</doc>
<msg timestamp="20210907 18:18:16.295" level="INFO">Clicking element 'xpath://input[@value='Register']'.</msg>
<status status="PASS" starttime="20210907 18:18:16.294" endtime="20210907 18:18:20.390"/>
</kw>
<status status="PASS" starttime="20210907 18:17:26.155" endtime="20210907 18:18:20.390"/>
</kw>
<status status="PASS" starttime="20210907 18:17:15.751" endtime="20210907 18:18:20.390"/>
</test>
<kw name="Close Browser" library="SeleniumLibrary" type="TEARDOWN">
<doc>Closes the current browser.</doc>
<status status="PASS" starttime="20210907 18:18:20.391" endtime="20210907 18:18:24.479"/>
</kw>
<doc>PHPApplication</doc>
<status status="PASS" starttime="20210907 18:17:15.395" endtime="20210907 18:18:24.479"/>
</suite>
<doc>[https://pabot.org/?ref=log|Pabot] result from 2 executions.</doc>
<status status="PASS" starttime="20210907 18:17:15.347" endtime="20210907 18:20:16.606"/>
</suite>
<statistics>
<total>
<stat pass="2" fail="0" skip="0">All Tests</stat>
</total>
<tag>
</tag>
<suite>
<stat pass="2" fail="0" skip="0" id="s1" name="Suites">Suites</stat>
<stat pass="1" fail="0" skip="0" id="s1-s1" name="Flipkart">Suites.Flipkart</stat>
<stat pass="1" fail="0" skip="0" id="s1-s2" name="TC1">Suites.TC1</stat>
</suite>
</statistics>
<errors>
</errors>
</robot>
