<?xml version="1.0" encoding="UTF-8"?>
<robot generator="Robot 4.1 (Python 3.9.1 on win32)" generated="20210907 18:22:37.637" rpa="false" schemaversion="2">
<suite id="s1" name="Suites">
<suite id="s1-s1" name="TC1" source="C:\Users\JyothiPrasad\PycharmProjects\Practice\TestSuite\TC1.robot">
<test id="s1-s1-t1" name="TC_1">
<kw name="Set Selenium Speed" library="SeleniumLibrary">
<arg>2</arg>
<doc>Sets the delay that is waited after each Selenium command.</doc>
<status status="PASS" starttime="20210907 18:22:37.918" endtime="20210907 18:22:37.918"/>
</kw>
<kw name="browseropen" library="base">
<kw name="Open Browser" library="SeleniumLibrary">
<arg>${url}</arg>
<arg>${Browsername}</arg>
<doc>Opens a new browser instance to the optional ``url``.</doc>
<msg timestamp="20210907 18:22:37.919" level="INFO">Opening browser 'chrome' to base url 'https://phptravels.com/demo'.</msg>
<status status="PASS" starttime="20210907 18:22:37.919" endtime="20210907 18:22:50.229"/>
</kw>
<status status="PASS" starttime="20210907 18:22:37.918" endtime="20210907 18:22:50.230"/>
</kw>
<kw name="Loginwithoutcollection" library="base">
<kw name="Set Selenium Speed" library="SeleniumLibrary">
<arg>2</arg>
<doc>Sets the delay that is waited after each Selenium command.</doc>
<status status="PASS" starttime="20210907 18:22:50.232" endtime="20210907 18:22:50.233"/>
</kw>
<kw name="Click Element" library="SeleniumLibrary">
<arg>${loign}</arg>
<doc>Click the element identified by ``locator``.</doc>
<msg timestamp="20210907 18:22:50.234" level="INFO">Clicking element 'xpath://a[@class='lvl-0 sign-in btn btn-md btn-white-outline']'.</msg>
<status status="PASS" starttime="20210907 18:22:50.233" endtime="20210907 18:22:54.337"/>
</kw>
<kw name="Log To Console" library="BuiltIn">
<arg>step56</arg>
<doc>Logs the given message to the console.</doc>
<status status="PASS" starttime="20210907 18:22:54.337" endtime="20210907 18:22:54.338"/>
</kw>
<kw name="Sleep" library="BuiltIn">
<arg>5</arg>
<doc>Pauses the test executed for the given time.</doc>
<msg timestamp="20210907 18:22:59.348" level="INFO">Slept 5 seconds</msg>
<status status="PASS" starttime="20210907 18:22:54.338" endtime="20210907 18:22:59.348"/>
</kw>
<kw name="Get Window Handles" library="SeleniumLibrary">
<var>${window}</var>
<doc>Returns all child window handles of the selected browser as a list.</doc>
<msg timestamp="20210907 18:23:01.357" level="INFO">${window} = ['CDwindow-6621CDA3603E764111BD41B36E0B8D2F', 'CDwindow-9146B727F29B60038EBBED85E42F587B']</msg>
<status status="PASS" starttime="20210907 18:22:59.348" endtime="20210907 18:23:01.357"/>
</kw>
<kw name="Switch Window" library="SeleniumLibrary">
<arg>${window}[1]</arg>
<doc>Switches to browser window matching ``locator``.</doc>
<status status="PASS" starttime="20210907 18:23:01.357" endtime="20210907 18:23:19.465"/>
</kw>
<kw name="Log To Console" library="BuiltIn">
<arg>step59</arg>
<doc>Logs the given message to the console.</doc>
<status status="PASS" starttime="20210907 18:23:19.465" endtime="20210907 18:23:19.466"/>
</kw>
<kw name="Click Element" library="SeleniumLibrary">
<arg>${account}</arg>
<doc>Click the element identified by ``locator``.</doc>
<msg timestamp="20210907 18:23:19.466" level="INFO">Clicking element 'xpath://*[@id='Secondary_Navbar-Account']/a'.</msg>
<status status="PASS" starttime="20210907 18:23:19.466" endtime="20210907 18:23:27.605"/>
</kw>
<kw name="Log To Console" library="BuiltIn">
<arg>step61</arg>
<doc>Logs the given message to the console.</doc>
<status status="PASS" starttime="20210907 18:23:27.605" endtime="20210907 18:23:27.606"/>
</kw>
<kw name="Click Element" library="SeleniumLibrary">
<arg>${registernewuser}</arg>
<doc>Click the element identified by ``locator``.</doc>
<msg timestamp="20210907 18:23:27.607" level="INFO">Clicking element 'xpath://li[@menuitemname='Account']//ul//li[2]'.</msg>
<status status="PASS" starttime="20210907 18:23:27.606" endtime="20210907 18:23:33.485"/>
</kw>
<kw name="Log To Console" library="BuiltIn">
<arg>step63</arg>
<doc>Logs the given message to the console.</doc>
<status status="PASS" starttime="20210907 18:23:33.485" endtime="20210907 18:23:33.485"/>
</kw>
<kw name="Input Text" library="SeleniumLibrary">
<arg>${firstname}</arg>
<arg>jp</arg>
<doc>Types the given ``text`` into the text field identified by ``locator``.</doc>
<msg timestamp="20210907 18:23:33.486" level="INFO">Typing text 'jp' into text field 'xpath://input[@name='firstname']'.</msg>
<status status="PASS" starttime="20210907 18:23:33.486" endtime="20210907 18:23:39.584"/>
</kw>
<kw name="Click Element" library="SeleniumLibrary">
<arg>${register}</arg>
<doc>Click the element identified by ``locator``.</doc>
<msg timestamp="20210907 18:23:39.585" level="INFO">Clicking element 'xpath://input[@value='Register']'.</msg>
<status status="PASS" starttime="20210907 18:23:39.584" endtime="20210907 18:23:43.688"/>
</kw>
<status status="PASS" starttime="20210907 18:22:50.231" endtime="20210907 18:23:43.688"/>
</kw>
<status status="PASS" starttime="20210907 18:22:37.917" endtime="20210907 18:23:43.688"/>
</test>
<kw name="Close Browser" library="SeleniumLibrary" type="TEARDOWN">
<doc>Closes the current browser.</doc>
<status status="PASS" starttime="20210907 18:23:43.689" endtime="20210907 18:23:47.818"/>
</kw>
<doc>PHPApplication</doc>
<status status="PASS" starttime="20210907 18:22:37.670" endtime="20210907 18:23:47.818"/>
</suite>
<status status="PASS" starttime="20210907 18:22:37.648" endtime="20210907 18:23:47.821"/>
</suite>
<statistics>
<total>
<stat pass="1" fail="0" skip="0">All Tests</stat>
</total>
<tag>
</tag>
<suite>
<stat pass="1" fail="0" skip="0" id="s1" name="Suites">Suites</stat>
<stat pass="1" fail="0" skip="0" id="s1-s1" name="TC1">Suites.TC1</stat>
</suite>
</statistics>
<errors>
</errors>
</robot>
