<?xml version="1.0" encoding="UTF-8"?>
<robot generator="Robot 4.1 (Python 3.9.1 on win32)" generated="20210907 18:17:15.331" rpa="false" schemaversion="2">
<suite id="s1" name="Suites">
<suite id="s1-s1" name="Flipkart" source="C:\Users\JyothiPrasad\PycharmProjects\Practice\TestSuite\flipkart.robot">
<test id="s1-s1-t1" name="TC_1">
<kw name="Set Selenium Speed" library="SeleniumLibrary">
<arg>3</arg>
<doc>Sets the delay that is waited after each Selenium command.</doc>
<status status="PASS" starttime="20210907 18:17:15.856" endtime="20210907 18:17:15.857"/>
</kw>
<kw name="browseropen" library="flipkart">
<kw name="Open Browser" library="SeleniumLibrary">
<arg>${url}</arg>
<arg>${Browsername}</arg>
<doc>Opens a new browser instance to the optional ``url``.</doc>
<msg timestamp="20210907 18:17:15.859" level="INFO">Opening browser 'chrome' to base url 'https://flipkart.com'.</msg>
<status status="PASS" starttime="20210907 18:17:15.858" endtime="20210907 18:17:40.972"/>
</kw>
<status status="PASS" starttime="20210907 18:17:15.857" endtime="20210907 18:17:40.972"/>
</kw>
<kw name="login" library="flipkart">
<kw name="Input Text" library="SeleniumLibrary">
<arg>${loginemail}</arg>
<arg>abc@gmail.com</arg>
<doc>Types the given ``text`` into the text field identified by ``locator``.</doc>
<msg timestamp="20210907 18:17:40.974" level="INFO">Typing text 'abc@gmail.com' into text field 'xpath://input[@class='_2IX_2- VJZDxU']'.</msg>
<status status="PASS" starttime="20210907 18:17:40.973" endtime="20210907 18:17:50.185"/>
</kw>
<kw name="Input Text" library="SeleniumLibrary">
<arg>${loginpassword}</arg>
<arg>ygag</arg>
<doc>Types the given ``text`` into the text field identified by ``locator``.</doc>
<msg timestamp="20210907 18:17:50.187" level="INFO">Typing text 'ygag' into text field '//input[@class='_2IX_2- _3mctLh VJZDxU']'.</msg>
<status status="PASS" starttime="20210907 18:17:50.186" endtime="20210907 18:17:59.332"/>
</kw>
<kw name="Click Button" library="SeleniumLibrary">
<arg>${xmark}</arg>
<doc>Clicks the button identified by ``locator``.</doc>
<msg timestamp="20210907 18:17:59.333" level="INFO">Clicking button 'xpath://button[@class='_2KpZ6l _2doB4z']'.</msg>
<status status="PASS" starttime="20210907 18:17:59.332" endtime="20210907 18:18:14.486"/>
</kw>
<status status="PASS" starttime="20210907 18:17:40.973" endtime="20210907 18:18:14.486"/>
</kw>
<kw name="Searchforproduct" library="flipkart">
<kw name="Input Text" library="SeleniumLibrary">
<arg>${searchbox}</arg>
<arg>Macbook</arg>
<doc>Types the given ``text`` into the text field identified by ``locator``.</doc>
<msg timestamp="20210907 18:18:14.487" level="INFO">Typing text 'Macbook' into text field 'xpath://input[@title='Search for products, brands and more']'.</msg>
<status status="PASS" starttime="20210907 18:18:14.487" endtime="20210907 18:18:23.641"/>
</kw>
<kw name="Sleep" library="BuiltIn">
<arg>5</arg>
<doc>Pauses the test executed for the given time.</doc>
<msg timestamp="20210907 18:18:28.652" level="INFO">Slept 5 seconds</msg>
<status status="PASS" starttime="20210907 18:18:23.642" endtime="20210907 18:18:28.652"/>
</kw>
<kw name="Press Keys" library="SeleniumLibrary">
<arg>${searchbox}</arg>
<arg>ALT+ARROW_DOWN</arg>
<doc>Simulates the user pressing key(s) to an element or on the active browser.</doc>
<msg timestamp="20210907 18:18:28.653" level="INFO">Sending key(s) ('ALT+ARROW_DOWN',) to xpath://input[@title='Search for products, brands and more'] element.</msg>
<msg timestamp="20210907 18:18:37.695" level="INFO">Pressing special key ALT down.</msg>
<msg timestamp="20210907 18:18:37.695" level="INFO">Pressing special key ARROW_DOWN down.</msg>
<msg timestamp="20210907 18:18:37.695" level="INFO">Releasing special key ALT.</msg>
<msg timestamp="20210907 18:18:37.695" level="INFO">Releasing special key ARROW_DOWN.</msg>
<status status="PASS" starttime="20210907 18:18:28.652" endtime="20210907 18:18:49.761"/>
</kw>
<kw name="Click Button" library="SeleniumLibrary">
<arg>${searchbutton}</arg>
<doc>Clicks the button identified by ``locator``.</doc>
<msg timestamp="20210907 18:18:49.762" level="INFO">Clicking button 'xpath://button[@type='submit']'.</msg>
<status status="PASS" starttime="20210907 18:18:49.761" endtime="20210907 18:19:04.903"/>
</kw>
<status status="PASS" starttime="20210907 18:18:14.486" endtime="20210907 18:19:04.903"/>
</kw>
<kw name="Selectproduct" library="flipkart">
<kw name="Click Element" library="SeleniumLibrary">
<arg>${product}</arg>
<doc>Click the element identified by ``locator``.</doc>
<msg timestamp="20210907 18:19:04.904" level="INFO">Clicking element 'xpath:/html/body/div[1]/div/div[3]/div[1]/div[2]/div[2]/div/div/div/a/div[2]/div[1]/div[1]'.</msg>
<status status="PASS" starttime="20210907 18:19:04.904" endtime="20210907 18:19:11.017"/>
</kw>
<kw name="Get Window Handles" library="SeleniumLibrary">
<var>${window}</var>
<doc>Returns all child window handles of the selected browser as a list.</doc>
<msg timestamp="20210907 18:19:14.025" level="INFO">${window} = ['CDwindow-076842E37B7E30A0A48D432A4A4DA312', 'CDwindow-8E69D01D243C3FDAFD39777849BA4BDF']</msg>
<status status="PASS" starttime="20210907 18:19:11.017" endtime="20210907 18:19:14.025"/>
</kw>
<kw name="Switch Window" library="SeleniumLibrary">
<arg>${window}[1]</arg>
<doc>Switches to browser window matching ``locator``.</doc>
<status status="PASS" starttime="20210907 18:19:14.025" endtime="20210907 18:19:41.147"/>
</kw>
<kw name="Sleep" library="BuiltIn">
<arg>5</arg>
<doc>Pauses the test executed for the given time.</doc>
<msg timestamp="20210907 18:19:46.153" level="INFO">Slept 5 seconds</msg>
<status status="PASS" starttime="20210907 18:19:41.147" endtime="20210907 18:19:46.153"/>
</kw>
<kw name="Input Text" library="SeleniumLibrary">
<arg>${pincode}</arg>
<arg>517001</arg>
<doc>Types the given ``text`` into the text field identified by ``locator``.</doc>
<msg timestamp="20210907 18:19:46.154" level="INFO">Typing text '517001' into text field 'xpath://input[@placeholder='Enter Delivery Pincode']'.</msg>
<status status="PASS" starttime="20210907 18:19:46.153" endtime="20210907 18:19:59.338"/>
</kw>
<kw name="Click Element" library="SeleniumLibrary">
<arg>${pincodecheck}</arg>
<doc>Click the element identified by ``locator``.</doc>
<msg timestamp="20210907 18:19:59.339" level="INFO">Clicking element 'xpath://span[text()='Check']'.</msg>
<status status="PASS" starttime="20210907 18:19:59.338" endtime="20210907 18:20:05.425"/>
</kw>
<kw name="Click Element" library="SeleniumLibrary">
<arg>${buynow}</arg>
<doc>Click the element identified by ``locator``.</doc>
<msg timestamp="20210907 18:20:05.426" level="INFO">Clicking element 'xpath://li[@class='col col-6-12'][2]'.</msg>
<status status="PASS" starttime="20210907 18:20:05.425" endtime="20210907 18:20:11.516"/>
</kw>
<status status="PASS" starttime="20210907 18:19:04.903" endtime="20210907 18:20:11.516"/>
</kw>
<status status="PASS" starttime="20210907 18:17:15.855" endtime="20210907 18:20:11.517"/>
</test>
<kw name="Close Browser" library="SeleniumLibrary" type="TEARDOWN">
<doc>Closes the current browser.</doc>
<status status="PASS" starttime="20210907 18:20:11.519" endtime="20210907 18:20:16.577"/>
</kw>
<doc>Flipkart</doc>
<status status="PASS" starttime="20210907 18:17:15.391" endtime="20210907 18:20:16.577"/>
</suite>
<status status="PASS" starttime="20210907 18:17:15.347" endtime="20210907 18:20:16.606"/>
</suite>
<statistics>
<total>
<stat pass="1" fail="0" skip="0">All Tests</stat>
</total>
<tag>
</tag>
<suite>
<stat pass="1" fail="0" skip="0" id="s1" name="Suites">Suites</stat>
<stat pass="1" fail="0" skip="0" id="s1-s1" name="Flipkart">Suites.Flipkart</stat>
</suite>
</statistics>
<errors>
</errors>
</robot>
