<?xml version="1.0" encoding="UTF-8"?>
<robot generator="Robot 4.1 (Python 3.9.1 on win32)" generated="20210907 18:17:15.331" rpa="false" schemaversion="2">
<suite id="s1" name="Suites">
<suite id="s1-s1" name="TC1" source="C:\Users\JyothiPrasad\PycharmProjects\Practice\TestSuite\TC1.robot">
<test id="s1-s1-t1" name="TC_1">
<kw name="Set Selenium Speed" library="SeleniumLibrary">
<arg>2</arg>
<doc>Sets the delay that is waited after each Selenium command.</doc>
<status status="PASS" starttime="20210907 18:17:15.752" endtime="20210907 18:17:15.753"/>
</kw>
<kw name="browseropen" library="base">
<kw name="Open Browser" library="SeleniumLibrary">
<arg>${url}</arg>
<arg>${Browsername}</arg>
<doc>Opens a new browser instance to the optional ``url``.</doc>
<msg timestamp="20210907 18:17:15.755" level="INFO">Opening browser 'chrome' to base url 'https://phptravels.com/demo'.</msg>
<status status="PASS" starttime="20210907 18:17:15.754" endtime="20210907 18:17:26.154"/>
</kw>
<status status="PASS" starttime="20210907 18:17:15.753" endtime="20210907 18:17:26.155"/>
</kw>
<kw name="Loginwithoutcollection" library="base">
<kw name="Set Selenium Speed" library="SeleniumLibrary">
<arg>2</arg>
<doc>Sets the delay that is waited after each Selenium command.</doc>
<status status="PASS" starttime="20210907 18:17:26.156" endtime="20210907 18:17:26.157"/>
</kw>
<kw name="Click Element" library="SeleniumLibrary">
<arg>${loign}</arg>
<doc>Click the element identified by ``locator``.</doc>
<msg timestamp="20210907 18:17:26.158" level="INFO">Clicking element 'xpath://a[@class='lvl-0 sign-in btn btn-md btn-white-outline']'.</msg>
<status status="PASS" starttime="20210907 18:17:26.157" endtime="20210907 18:17:30.255"/>
</kw>
<kw name="Log To Console" library="BuiltIn">
<arg>step56</arg>
<doc>Logs the given message to the console.</doc>
<status status="PASS" starttime="20210907 18:17:30.255" endtime="20210907 18:17:30.256"/>
</kw>
<kw name="Sleep" library="BuiltIn">
<arg>5</arg>
<doc>Pauses the test executed for the given time.</doc>
<msg timestamp="20210907 18:17:35.271" level="INFO">Slept 5 seconds</msg>
<status status="PASS" starttime="20210907 18:17:30.256" endtime="20210907 18:17:35.271"/>
</kw>
<kw name="Get Window Handles" library="SeleniumLibrary">
<var>${window}</var>
<doc>Returns all child window handles of the selected browser as a list.</doc>
<msg timestamp="20210907 18:17:37.285" level="INFO">${window} = ['CDwindow-D7609DB4FC5F869D622B47129A3725FB', 'CDwindow-CEAECEAFD383C5C9AC8A5B7B2FEBB37F']</msg>
<status status="PASS" starttime="20210907 18:17:35.272" endtime="20210907 18:17:37.285"/>
</kw>
<kw name="Switch Window" library="SeleniumLibrary">
<arg>${window}[1]</arg>
<doc>Switches to browser window matching ``locator``.</doc>
<status status="PASS" starttime="20210907 18:17:37.286" endtime="20210907 18:17:55.461"/>
</kw>
<kw name="Log To Console" library="BuiltIn">
<arg>step59</arg>
<doc>Logs the given message to the console.</doc>
<status status="PASS" starttime="20210907 18:17:55.462" endtime="20210907 18:17:55.463"/>
</kw>
<kw name="Click Element" library="SeleniumLibrary">
<arg>${account}</arg>
<doc>Click the element identified by ``locator``.</doc>
<msg timestamp="20210907 18:17:55.464" level="INFO">Clicking element 'xpath://*[@id='Secondary_Navbar-Account']/a'.</msg>
<status status="PASS" starttime="20210907 18:17:55.463" endtime="20210907 18:18:03.646"/>
</kw>
<kw name="Log To Console" library="BuiltIn">
<arg>step61</arg>
<doc>Logs the given message to the console.</doc>
<status status="PASS" starttime="20210907 18:18:03.647" endtime="20210907 18:18:03.647"/>
</kw>
<kw name="Click Element" library="SeleniumLibrary">
<arg>${registernewuser}</arg>
<doc>Click the element identified by ``locator``.</doc>
<msg timestamp="20210907 18:18:03.648" level="INFO">Clicking element 'xpath://li[@menuitemname='Account']//ul//li[2]'.</msg>
<status status="PASS" starttime="20210907 18:18:03.648" endtime="20210907 18:18:10.209"/>
</kw>
<kw name="Log To Console" library="BuiltIn">
<arg>step63</arg>
<doc>Logs the given message to the console.</doc>
<status status="PASS" starttime="20210907 18:18:10.209" endtime="20210907 18:18:10.210"/>
</kw>
<kw name="Input Text" library="SeleniumLibrary">
<arg>${firstname}</arg>
<arg>jp</arg>
<doc>Types the given ``text`` into the text field identified by ``locator``.</doc>
<msg timestamp="20210907 18:18:10.210" level="INFO">Typing text 'jp' into text field 'xpath://input[@name='firstname']'.</msg>
<status status="PASS" starttime="20210907 18:18:10.210" endtime="20210907 18:18:16.294"/>
</kw>
<kw name="Click Element" library="SeleniumLibrary">
<arg>${register}</arg>
<doc>Click the element identified by ``locator``.</doc>
<msg timestamp="20210907 18:18:16.295" level="INFO">Clicking element 'xpath://input[@value='Register']'.</msg>
<status status="PASS" starttime="20210907 18:18:16.294" endtime="20210907 18:18:20.390"/>
</kw>
<status status="PASS" starttime="20210907 18:17:26.155" endtime="20210907 18:18:20.390"/>
</kw>
<status status="PASS" starttime="20210907 18:17:15.751" endtime="20210907 18:18:20.390"/>
</test>
<kw name="Close Browser" library="SeleniumLibrary" type="TEARDOWN">
<doc>Closes the current browser.</doc>
<status status="PASS" starttime="20210907 18:18:20.391" endtime="20210907 18:18:24.479"/>
</kw>
<doc>PHPApplication</doc>
<status status="PASS" starttime="20210907 18:17:15.395" endtime="20210907 18:18:24.479"/>
</suite>
<status status="PASS" starttime="20210907 18:17:15.350" endtime="20210907 18:18:24.580"/>
</suite>
<statistics>
<total>
<stat pass="1" fail="0" skip="0">All Tests</stat>
</total>
<tag>
</tag>
<suite>
<stat pass="1" fail="0" skip="0" id="s1" name="Suites">Suites</stat>
<stat pass="1" fail="0" skip="0" id="s1-s1" name="TC1">Suites.TC1</stat>
</suite>
</statistics>
<errors>
</errors>
</robot>
