<?xml version="1.0" encoding="UTF-8"?>
<robot generator="Rebot 4.1 (Python 3.9.1 on win32)" generated="20210907 18:25:39.908" rpa="false" schemaversion="2">
<suite id="s1" name="Suites">
<suite id="s1-s1" name="Flipkart" source="C:\Users\JyothiPrasad\PycharmProjects\Practice\TestSuite\flipkart.robot">
<test id="s1-s1-t1" name="TC_1">
<kw name="Set Selenium Speed" library="SeleniumLibrary">
<arg>3</arg>
<doc>Sets the delay that is waited after each Selenium command.</doc>
<status status="PASS" starttime="20210907 18:22:37.943" endtime="20210907 18:22:37.943"/>
</kw>
<kw name="browseropen" library="flipkart">
<kw name="Open Browser" library="SeleniumLibrary">
<arg>${url}</arg>
<arg>${Browsername}</arg>
<doc>Opens a new browser instance to the optional ``url``.</doc>
<msg timestamp="20210907 18:22:37.944" level="INFO">Opening browser 'chrome' to base url 'https://flipkart.com'.</msg>
<status status="PASS" starttime="20210907 18:22:37.944" endtime="20210907 18:22:59.118"/>
</kw>
<status status="PASS" starttime="20210907 18:22:37.943" endtime="20210907 18:22:59.119"/>
</kw>
<kw name="login" library="flipkart">
<kw name="Input Text" library="SeleniumLibrary">
<arg>${loginemail}</arg>
<arg>abc@gmail.com</arg>
<doc>Types the given ``text`` into the text field identified by ``locator``.</doc>
<msg timestamp="20210907 18:22:59.121" level="INFO">Typing text 'abc@gmail.com' into text field 'xpath://input[@class='_2IX_2- VJZDxU']'.</msg>
<status status="PASS" starttime="20210907 18:22:59.120" endtime="20210907 18:23:08.279"/>
</kw>
<kw name="Input Text" library="SeleniumLibrary">
<arg>${loginpassword}</arg>
<arg>ygag</arg>
<doc>Types the given ``text`` into the text field identified by ``locator``.</doc>
<msg timestamp="20210907 18:23:08.280" level="INFO">Typing text 'ygag' into text field '//input[@class='_2IX_2- _3mctLh VJZDxU']'.</msg>
<status status="PASS" starttime="20210907 18:23:08.279" endtime="20210907 18:23:17.379"/>
</kw>
<kw name="Click Button" library="SeleniumLibrary">
<arg>${xmark}</arg>
<doc>Clicks the button identified by ``locator``.</doc>
<msg timestamp="20210907 18:23:17.380" level="INFO">Clicking button 'xpath://button[@class='_2KpZ6l _2doB4z']'.</msg>
<status status="PASS" starttime="20210907 18:23:17.379" endtime="20210907 18:23:37.527"/>
</kw>
<status status="PASS" starttime="20210907 18:22:59.120" endtime="20210907 18:23:37.527"/>
</kw>
<kw name="Searchforproduct" library="flipkart">
<kw name="Input Text" library="SeleniumLibrary">
<arg>${searchbox}</arg>
<arg>Macbook</arg>
<doc>Types the given ``text`` into the text field identified by ``locator``.</doc>
<msg timestamp="20210907 18:23:37.529" level="INFO">Typing text 'Macbook' into text field 'xpath://input[@title='Search for products, brands and more']'.</msg>
<status status="PASS" starttime="20210907 18:23:37.528" endtime="20210907 18:23:46.665"/>
</kw>
<kw name="Sleep" library="BuiltIn">
<arg>5</arg>
<doc>Pauses the test executed for the given time.</doc>
<msg timestamp="20210907 18:23:51.674" level="INFO">Slept 5 seconds</msg>
<status status="PASS" starttime="20210907 18:23:46.665" endtime="20210907 18:23:51.674"/>
</kw>
<kw name="Press Keys" library="SeleniumLibrary">
<arg>${searchbox}</arg>
<arg>ALT+ARROW_DOWN</arg>
<doc>Simulates the user pressing key(s) to an element or on the active browser.</doc>
<msg timestamp="20210907 18:23:51.676" level="INFO">Sending key(s) ('ALT+ARROW_DOWN',) to xpath://input[@title='Search for products, brands and more'] element.</msg>
<msg timestamp="20210907 18:24:00.736" level="INFO">Pressing special key ALT down.</msg>
<msg timestamp="20210907 18:24:00.736" level="INFO">Pressing special key ARROW_DOWN down.</msg>
<msg timestamp="20210907 18:24:00.736" level="INFO">Releasing special key ALT.</msg>
<msg timestamp="20210907 18:24:00.736" level="INFO">Releasing special key ARROW_DOWN.</msg>
<status status="PASS" starttime="20210907 18:23:51.674" endtime="20210907 18:24:12.790"/>
</kw>
<kw name="Click Button" library="SeleniumLibrary">
<arg>${searchbutton}</arg>
<doc>Clicks the button identified by ``locator``.</doc>
<msg timestamp="20210907 18:24:12.792" level="INFO">Clicking button 'xpath://button[@type='submit']'.</msg>
<status status="PASS" starttime="20210907 18:24:12.791" endtime="20210907 18:24:27.911"/>
</kw>
<status status="PASS" starttime="20210907 18:23:37.528" endtime="20210907 18:24:27.911"/>
</kw>
<kw name="Selectproduct" library="flipkart">
<kw name="Click Element" library="SeleniumLibrary">
<arg>${product}</arg>
<doc>Click the element identified by ``locator``.</doc>
<msg timestamp="20210907 18:24:27.912" level="INFO">Clicking element 'xpath:/html/body/div[1]/div/div[3]/div[1]/div[2]/div[2]/div/div/div/a/div[2]/div[1]/div[1]'.</msg>
<status status="PASS" starttime="20210907 18:24:27.912" endtime="20210907 18:24:34.010"/>
</kw>
<kw name="Get Window Handles" library="SeleniumLibrary">
<var>${window}</var>
<doc>Returns all child window handles of the selected browser as a list.</doc>
<msg timestamp="20210907 18:24:37.017" level="INFO">${window} = ['CDwindow-990D3729C07CC79B242431EAE015A1D0', 'CDwindow-A59A299E5862A3B499C5971F6417E9AA']</msg>
<status status="PASS" starttime="20210907 18:24:34.010" endtime="20210907 18:24:37.017"/>
</kw>
<kw name="Switch Window" library="SeleniumLibrary">
<arg>${window}[1]</arg>
<doc>Switches to browser window matching ``locator``.</doc>
<status status="PASS" starttime="20210907 18:24:37.018" endtime="20210907 18:25:04.130"/>
</kw>
<kw name="Sleep" library="BuiltIn">
<arg>5</arg>
<doc>Pauses the test executed for the given time.</doc>
<msg timestamp="20210907 18:25:09.142" level="INFO">Slept 5 seconds</msg>
<status status="PASS" starttime="20210907 18:25:04.130" endtime="20210907 18:25:09.142"/>
</kw>
<kw name="Input Text" library="SeleniumLibrary">
<arg>${pincode}</arg>
<arg>517001</arg>
<doc>Types the given ``text`` into the text field identified by ``locator``.</doc>
<msg timestamp="20210907 18:25:09.143" level="INFO">Typing text '517001' into text field 'xpath://input[@placeholder='Enter Delivery Pincode']'.</msg>
<status status="PASS" starttime="20210907 18:25:09.142" endtime="20210907 18:25:22.304"/>
</kw>
<kw name="Click Element" library="SeleniumLibrary">
<arg>${pincodecheck}</arg>
<doc>Click the element identified by ``locator``.</doc>
<msg timestamp="20210907 18:25:22.305" level="INFO">Clicking element 'xpath://span[text()='Check']'.</msg>
<status status="PASS" starttime="20210907 18:25:22.304" endtime="20210907 18:25:28.390"/>
</kw>
<kw name="Click Element" library="SeleniumLibrary">
<arg>${buynow}</arg>
<doc>Click the element identified by ``locator``.</doc>
<msg timestamp="20210907 18:25:28.390" level="INFO">Clicking element 'xpath://li[@class='col col-6-12'][2]'.</msg>
<status status="PASS" starttime="20210907 18:25:28.390" endtime="20210907 18:25:34.489"/>
</kw>
<status status="PASS" starttime="20210907 18:24:27.912" endtime="20210907 18:25:34.490"/>
</kw>
<status status="PASS" starttime="20210907 18:22:37.942" endtime="20210907 18:25:34.491"/>
</test>
<kw name="Close Browser" library="SeleniumLibrary" type="TEARDOWN">
<doc>Closes the current browser.</doc>
<status status="PASS" starttime="20210907 18:25:34.492" endtime="20210907 18:25:39.581"/>
</kw>
<doc>Flipkart</doc>
<status status="PASS" starttime="20210907 18:22:37.717" endtime="20210907 18:25:39.581"/>
</suite>
<suite id="s1-s2" name="TC1" source="C:\Users\JyothiPrasad\PycharmProjects\Practice\TestSuite\TC1.robot">
<test id="s1-s2-t1" name="TC_1">
<kw name="Set Selenium Speed" library="SeleniumLibrary">
<arg>2</arg>
<doc>Sets the delay that is waited after each Selenium command.</doc>
<status status="PASS" starttime="20210907 18:22:37.918" endtime="20210907 18:22:37.918"/>
</kw>
<kw name="browseropen" library="base">
<kw name="Open Browser" library="SeleniumLibrary">
<arg>${url}</arg>
<arg>${Browsername}</arg>
<doc>Opens a new browser instance to the optional ``url``.</doc>
<msg timestamp="20210907 18:22:37.919" level="INFO">Opening browser 'chrome' to base url 'https://phptravels.com/demo'.</msg>
<status status="PASS" starttime="20210907 18:22:37.919" endtime="20210907 18:22:50.229"/>
</kw>
<status status="PASS" starttime="20210907 18:22:37.918" endtime="20210907 18:22:50.230"/>
</kw>
<kw name="Loginwithoutcollection" library="base">
<kw name="Set Selenium Speed" library="SeleniumLibrary">
<arg>2</arg>
<doc>Sets the delay that is waited after each Selenium command.</doc>
<status status="PASS" starttime="20210907 18:22:50.232" endtime="20210907 18:22:50.233"/>
</kw>
<kw name="Click Element" library="SeleniumLibrary">
<arg>${loign}</arg>
<doc>Click the element identified by ``locator``.</doc>
<msg timestamp="20210907 18:22:50.234" level="INFO">Clicking element 'xpath://a[@class='lvl-0 sign-in btn btn-md btn-white-outline']'.</msg>
<status status="PASS" starttime="20210907 18:22:50.233" endtime="20210907 18:22:54.337"/>
</kw>
<kw name="Log To Console" library="BuiltIn">
<arg>step56</arg>
<doc>Logs the given message to the console.</doc>
<status status="PASS" starttime="20210907 18:22:54.337" endtime="20210907 18:22:54.338"/>
</kw>
<kw name="Sleep" library="BuiltIn">
<arg>5</arg>
<doc>Pauses the test executed for the given time.</doc>
<msg timestamp="20210907 18:22:59.348" level="INFO">Slept 5 seconds</msg>
<status status="PASS" starttime="20210907 18:22:54.338" endtime="20210907 18:22:59.348"/>
</kw>
<kw name="Get Window Handles" library="SeleniumLibrary">
<var>${window}</var>
<doc>Returns all child window handles of the selected browser as a list.</doc>
<msg timestamp="20210907 18:23:01.357" level="INFO">${window} = ['CDwindow-6621CDA3603E764111BD41B36E0B8D2F', 'CDwindow-9146B727F29B60038EBBED85E42F587B']</msg>
<status status="PASS" starttime="20210907 18:22:59.348" endtime="20210907 18:23:01.357"/>
</kw>
<kw name="Switch Window" library="SeleniumLibrary">
<arg>${window}[1]</arg>
<doc>Switches to browser window matching ``locator``.</doc>
<status status="PASS" starttime="20210907 18:23:01.357" endtime="20210907 18:23:19.465"/>
</kw>
<kw name="Log To Console" library="BuiltIn">
<arg>step59</arg>
<doc>Logs the given message to the console.</doc>
<status status="PASS" starttime="20210907 18:23:19.465" endtime="20210907 18:23:19.466"/>
</kw>
<kw name="Click Element" library="SeleniumLibrary">
<arg>${account}</arg>
<doc>Click the element identified by ``locator``.</doc>
<msg timestamp="20210907 18:23:19.466" level="INFO">Clicking element 'xpath://*[@id='Secondary_Navbar-Account']/a'.</msg>
<status status="PASS" starttime="20210907 18:23:19.466" endtime="20210907 18:23:27.605"/>
</kw>
<kw name="Log To Console" library="BuiltIn">
<arg>step61</arg>
<doc>Logs the given message to the console.</doc>
<status status="PASS" starttime="20210907 18:23:27.605" endtime="20210907 18:23:27.606"/>
</kw>
<kw name="Click Element" library="SeleniumLibrary">
<arg>${registernewuser}</arg>
<doc>Click the element identified by ``locator``.</doc>
<msg timestamp="20210907 18:23:27.607" level="INFO">Clicking element 'xpath://li[@menuitemname='Account']//ul//li[2]'.</msg>
<status status="PASS" starttime="20210907 18:23:27.606" endtime="20210907 18:23:33.485"/>
</kw>
<kw name="Log To Console" library="BuiltIn">
<arg>step63</arg>
<doc>Logs the given message to the console.</doc>
<status status="PASS" starttime="20210907 18:23:33.485" endtime="20210907 18:23:33.485"/>
</kw>
<kw name="Input Text" library="SeleniumLibrary">
<arg>${firstname}</arg>
<arg>jp</arg>
<doc>Types the given ``text`` into the text field identified by ``locator``.</doc>
<msg timestamp="20210907 18:23:33.486" level="INFO">Typing text 'jp' into text field 'xpath://input[@name='firstname']'.</msg>
<status status="PASS" starttime="20210907 18:23:33.486" endtime="20210907 18:23:39.584"/>
</kw>
<kw name="Click Element" library="SeleniumLibrary">
<arg>${register}</arg>
<doc>Click the element identified by ``locator``.</doc>
<msg timestamp="20210907 18:23:39.585" level="INFO">Clicking element 'xpath://input[@value='Register']'.</msg>
<status status="PASS" starttime="20210907 18:23:39.584" endtime="20210907 18:23:43.688"/>
</kw>
<status status="PASS" starttime="20210907 18:22:50.231" endtime="20210907 18:23:43.688"/>
</kw>
<status status="PASS" starttime="20210907 18:22:37.917" endtime="20210907 18:23:43.688"/>
</test>
<kw name="Close Browser" library="SeleniumLibrary" type="TEARDOWN">
<doc>Closes the current browser.</doc>
<status status="PASS" starttime="20210907 18:23:43.689" endtime="20210907 18:23:47.818"/>
</kw>
<doc>PHPApplication</doc>
<status status="PASS" starttime="20210907 18:22:37.670" endtime="20210907 18:23:47.818"/>
</suite>
<doc>[https://pabot.org/?ref=log|Pabot] result from 2 executions.</doc>
<status status="PASS" starttime="20210907 18:22:37.648" endtime="20210907 18:25:39.601"/>
</suite>
<statistics>
<total>
<stat pass="2" fail="0" skip="0">All Tests</stat>
</total>
<tag>
</tag>
<suite>
<stat pass="2" fail="0" skip="0" id="s1" name="Suites">Suites</stat>
<stat pass="1" fail="0" skip="0" id="s1-s1" name="Flipkart">Suites.Flipkart</stat>
<stat pass="1" fail="0" skip="0" id="s1-s2" name="TC1">Suites.TC1</stat>
</suite>
</statistics>
<errors>
</errors>
</robot>
